<?xml version="1.0" encoding="UTF-8"?>
<testsuite xmlns:xsi="http://www.w3.org/2001/XMLSchema-instance" xsi:noNamespaceSchemaLocation="https://maven.apache.org/surefire/maven-surefire-plugin/xsd/surefire-test-report.xsd" name="cursos.alura.jpa.jpaComJava.AppTest" time="0.048" tests="1" errors="0" skipped="0" failures="0">
  <properties>
    <property name="user.variant" value=""/>
    <property name="java.vm.info" value="mixed mode"/>
    <property name="file.encoding.pkg" value="sun.io"/>
    <property name="file.encoding" value="Cp1252"/>
    <property name="java.specification.name" value="Java Platform API Specification"/>
    <property name="sun.os.patch.level" value=""/>
    <property name="user.dir" value="C:\Users\bcf\Documents\MVR\Alura\jpaComJava"/>
    <property name="line.separator" value="&#10;"/>
    <property name="java.home" value="C:\Program Files\Java\jdk1.7.0_60\jre"/>
    <property name="user.name" value="bcf"/>
    <property name="sun.boot.library.path" value="C:\Program Files\Java\jdk1.7.0_60\jre\bin"/>
    <property name="user.home" value="C:\Users\bcf"/>
    <property name="localRepository" value="C:\Users\bcf\.m2\repository"/>
    <property name="sun.java.launcher" value="SUN_STANDARD"/>
    <property name="java.class.version" value="51.0"/>
    <property name="user.language" value="pt"/>
    <property name="java.vendor.url.bug" value="http://bugreport.sun.com/bugreport/"/>
    <property name="sun.jnu.encoding" value="Cp1252"/>
    <property name="java.io.tmpdir" value="C:\Users\bcf\AppData\Local\Temp\"/>
    <property name="java.specification.vendor" value="Oracle Corporation"/>
    <property name="file.separator" value="\"/>
    <property name="java.class.path" value="C:\Users\bcf\Documents\MVR\Alura\jpaComJava\target\test-classes;C:\Users\bcf\Documents\MVR\Alura\jpaComJava\target\classes;C:\Users\bcf\.m2\repository\junit\junit\4.11\junit-4.11.jar;C:\Users\bcf\.m2\repository\org\hamcrest\hamcrest-core\1.3\hamcrest-core-1.3.jar;C:\Users\bcf\.m2\repository\org\hibernate\hibernate-core\4.1.9.Final\hibernate-core-4.1.9.Final.jar;C:\Users\bcf\.m2\repository\antlr\antlr\2.7.7\antlr-2.7.7.jar;C:\Users\bcf\.m2\repository\org\jboss\logging\jboss-logging\3.1.0.GA\jboss-logging-3.1.0.GA.jar;C:\Users\bcf\.m2\repository\org\javassist\javassist\3.17.1-GA\javassist-3.17.1-GA.jar;C:\Users\bcf\.m2\repository\org\jboss\spec\javax\transaction\jboss-transaction-api_1.1_spec\1.0.0.Final\jboss-transaction-api_1.1_spec-1.0.0.Final.jar;C:\Users\bcf\.m2\repository\dom4j\dom4j\1.6.1\dom4j-1.6.1.jar;C:\Users\bcf\.m2\repository\org\hibernate\javax\persistence\hibernate-jpa-2.0-api\1.0.1.Final\hibernate-jpa-2.0-api-1.0.1.Final.jar;C:\Users\bcf\.m2\repository\org\hibernate\common\hibernate-commons-annotations\4.0.1.Final\hibernate-commons-annotations-4.0.1.Final.jar;C:\Users\bcf\.m2\repository\org\hibernate\hibernate-entitymanager\4.1.9.Final\hibernate-entitymanager-4.1.9.Final.jar;C:\Users\bcf\.m2\repository\mysql\mysql-connector-java\6.0.2\mysql-connector-java-6.0.2.jar;C:\Users\bcf\.m2\repository\org\hsqldb\hsqldb\2.4.0\hsqldb-2.4.0.jar;"/>
    <property name="java.vm.vendor" value="Oracle Corporation"/>
    <property name="sun.cpu.endian" value="little"/>
    <property name="java.vm.specification.vendor" value="Oracle Corporation"/>
    <property name="java.specification.version" value="1.7"/>
    <property name="user.script" value=""/>
    <property name="awt.toolkit" value="sun.awt.windows.WToolkit"/>
    <property name="sun.java.command" value="C:\Users\bcf\AppData\Local\Temp\surefire922037557621603002\surefirebooter5846791110351294228.jar C:\Users\bcf\AppData\Local\Temp\surefire922037557621603002 2018-11-07T15-16-43_699-jvmRun1 surefire2353034577562409594tmp surefire_01030497661596620025tmp"/>
    <property name="user.timezone" value=""/>
    <property name="surefire.test.class.path" value="C:\Users\bcf\Documents\MVR\Alura\jpaComJava\target\test-classes;C:\Users\bcf\Documents\MVR\Alura\jpaComJava\target\classes;C:\Users\bcf\.m2\repository\junit\junit\4.11\junit-4.11.jar;C:\Users\bcf\.m2\repository\org\hamcrest\hamcrest-core\1.3\hamcrest-core-1.3.jar;C:\Users\bcf\.m2\repository\org\hibernate\hibernate-core\4.1.9.Final\hibernate-core-4.1.9.Final.jar;C:\Users\bcf\.m2\repository\antlr\antlr\2.7.7\antlr-2.7.7.jar;C:\Users\bcf\.m2\repository\org\jboss\logging\jboss-logging\3.1.0.GA\jboss-logging-3.1.0.GA.jar;C:\Users\bcf\.m2\repository\org\javassist\javassist\3.17.1-GA\javassist-3.17.1-GA.jar;C:\Users\bcf\.m2\repository\org\jboss\spec\javax\transaction\jboss-transaction-api_1.1_spec\1.0.0.Final\jboss-transaction-api_1.1_spec-1.0.0.Final.jar;C:\Users\bcf\.m2\repository\dom4j\dom4j\1.6.1\dom4j-1.6.1.jar;C:\Users\bcf\.m2\repository\org\hibernate\javax\persistence\hibernate-jpa-2.0-api\1.0.1.Final\hibernate-jpa-2.0-api-1.0.1.Final.jar;C:\Users\bcf\.m2\repository\org\hibernate\common\hibernate-commons-annotations\4.0.1.Final\hibernate-commons-annotations-4.0.1.Final.jar;C:\Users\bcf\.m2\repository\org\hibernate\hibernate-entitymanager\4.1.9.Final\hibernate-entitymanager-4.1.9.Final.jar;C:\Users\bcf\.m2\repository\mysql\mysql-connector-java\6.0.2\mysql-connector-java-6.0.2.jar;C:\Users\bcf\.m2\repository\org\hsqldb\hsqldb\2.4.0\hsqldb-2.4.0.jar;"/>
    <property name="java.runtime.version" value="1.7.0_60-b19"/>
    <property name="java.vendor" value="Oracle Corporation"/>
    <property name="sun.management.compiler" value="HotSpot 64-Bit Tiered Compilers"/>
    <property name="sun.arch.data.model" value="64"/>
    <property name="os.arch" value="amd64"/>
    <property name="sun.io.unicode.encoding" value="UnicodeLittle"/>
    <property name="java.awt.printerjob" value="sun.awt.windows.WPrinterJob"/>
    <property name="path.separator" value=";"/>
    <property name="java.runtime.name" value="Java(TM) SE Runtime Environment"/>
    <property name="java.vendor.url" value="http://java.oracle.com/"/>
    <property name="sun.boot.class.path" value="C:\Program Files\Java\jdk1.7.0_60\jre\lib\resources.jar;C:\Program Files\Java\jdk1.7.0_60\jre\lib\rt.jar;C:\Program Files\Java\jdk1.7.0_60\jre\lib\sunrsasign.jar;C:\Program Files\Java\jdk1.7.0_60\jre\lib\jsse.jar;C:\Program Files\Java\jdk1.7.0_60\jre\lib\jce.jar;C:\Program Files\Java\jdk1.7.0_60\jre\lib\charsets.jar;C:\Program Files\Java\jdk1.7.0_60\jre\lib\jfr.jar;C:\Program Files\Java\jdk1.7.0_60\jre\classes"/>
    <property name="surefire.real.class.path" value="C:\Users\bcf\AppData\Local\Temp\surefire922037557621603002\surefirebooter5846791110351294228.jar"/>
    <property name="java.endorsed.dirs" value="C:\Program Files\Java\jdk1.7.0_60\jre\lib\endorsed"/>
    <property name="sun.desktop" value="windows"/>
    <property name="java.vm.version" value="24.60-b09"/>
    <property name="os.name" value="Windows 8.1"/>
    <property name="java.vm.specification.version" value="1.7"/>
    <property name="sun.cpu.isalist" value="amd64"/>
    <property name="java.version" value="1.7.0_60"/>
    <property name="java.vm.specification.name" value="Java Virtual Machine Specification"/>
    <property name="java.ext.dirs" value="C:\Program Files\Java\jdk1.7.0_60\jre\lib\ext;C:\Windows\Sun\Java\lib\ext"/>
    <property name="os.version" value="6.3"/>
    <property name="basedir" value="C:\Users\bcf\Documents\MVR\Alura\jpaComJava"/>
    <property name="java.library.path" value="C:\Program Files\Java\jdk1.7.0_60\jre\bin;C:\Windows\Sun\Java\bin;C:\Windows\system32;C:\Windows;C:\Program Files (x86)\Common Files\Oracle\Java\javapath;C:\ProgramData\Oracle\Java\javapath;C:\Windows\system32;C:\Windows;C:\Windows\System32\Wbem;C:\Windows\System32\WindowsPowerShell\v1.0\;C:\Windows\System32\OpenSSH\;C:\Program Files\PuTTY\;C:\Program Files\Git\cmd;C:\Program Files\dotnet\;C:\Program Files\Microsoft SQL Server\130\Tools\Binn\;C:\Program Files (x86)\Microsoft SQL Server\Client SDK\ODBC\130\Tools\Binn\;C:\Program Files (x86)\Microsoft SQL Server\140\Tools\Binn\;C:\Program Files (x86)\Microsoft SQL Server\140\DTS\Binn\;C:\Program Files (x86)\Microsoft SQL Server\140\Tools\Binn\ManagementStudio\;C:\Users\bcf\AppData\Local\Microsoft\WindowsApps;C:\ProgramData\Maven\apache-maven-3.3.3\bin;C:\ProgramData\tools\cmder;C:\Program Files (x86)\Oracle Developer Tools for VS2017\instantclient_18_3;;."/>
    <property name="java.awt.graphicsenv" value="sun.awt.Win32GraphicsEnvironment"/>
    <property name="java.vm.name" value="Java HotSpot(TM) 64-Bit Server VM"/>
    <property name="user.country" value="BR"/>
  </properties>
  <testcase name="shouldAnswerWithTrue" classname="cursos.alura.jpa.jpaComJava.AppTest" time="0.003"/>
</testsuite>